<?xml version="1.0" encoding="UTF-8"?>
<!-- Generated by org.testng.reporters.JUnitReportReporter -->
<testsuite skipped="0" hostname="LAPTOP-1SF85SHE" name="testNg.Sample1" tests="2" failures="0" timestamp="2020-05-03T11:20:35 IST" time="0.015" errors="0">
  <testcase name="g" time="0.015" classname="testNg.Sample1"/>
  <system-out/>
  <testcase name="k" time="0.000" classname="testNg.Sample1"/>
  <system-out/>
</testsuite> <!-- testNg.Sample1 -->
