<?xml version="1.0" encoding="UTF-8"?>
<!-- Generated by org.testng.reporters.JUnitReportReporter -->
<testsuite skipped="0" hostname="LAPTOP-1SF85SHE" name="testNg.Suite" tests="1" failures="0" timestamp="2020-05-03T11:30:34 IST" time="0.000" errors="0">
  <testcase name="abc1" time="0.000" classname="testNg.Suite"/>
  <system-out/>
</testsuite> <!-- testNg.Suite -->
