<?xml version="1.0" encoding="UTF-8"?>
<!-- Generated by org.testng.reporters.JUnitReportReporter -->
<testsuite skipped="0" hostname="LAPTOP-1SF85SHE" name="com.ebanking.Master.Multipy_RoleNg" tests="3" failures="0" timestamp="2020-05-04T16:25:49 IST" time="4.983" errors="0">
  <testcase name="role" time="1.866" classname="com.ebanking.Master.Multipy_RoleNg"/>
  <system-out/>
  <testcase name="role" time="1.284" classname="com.ebanking.Master.Multipy_RoleNg"/>
  <system-out/>
  <testcase name="role" time="1.833" classname="com.ebanking.Master.Multipy_RoleNg"/>
  <system-out/>
</testsuite> <!-- com.ebanking.Master.Multipy_RoleNg -->
