<?xml version="1.0" encoding="UTF-8"?>
<!-- Generated by org.testng.reporters.JUnitReportReporter -->
<testsuite skipped="0" hostname="LAPTOP-1SF85SHE" name="com.ebanking.Master.TestngLAnuch" tests="2" failures="0" timestamp="2020-05-01T00:05:05 IST" time="24.279" errors="0">
  <testcase name="Lanuch" time="23.438" classname="com.ebanking.Master.TestngLAnuch"/>
  <system-out/>
  <testcase name="Admin_Login" time="0.841" classname="com.ebanking.Master.TestngLAnuch"/>
  <system-out/>
</testsuite> <!-- com.ebanking.Master.TestngLAnuch -->
