<?xml version="1.0" encoding="UTF-8"?>
<!-- Generated by org.testng.reporters.JUnitReportReporter -->
<testsuite skipped="0" hostname="LAPTOP-1SF85SHE" name="com.ebanking.Master.Multipy_BranchNG" tests="3" failures="0" timestamp="2020-05-04T16:25:49 IST" time="9.756" errors="0">
  <testcase name="branch" time="3.433" classname="com.ebanking.Master.Multipy_BranchNG"/>
  <system-out/>
  <testcase name="branch" time="1.774" classname="com.ebanking.Master.Multipy_BranchNG"/>
  <system-out/>
  <testcase name="branch" time="4.549" classname="com.ebanking.Master.Multipy_BranchNG"/>
  <system-out/>
</testsuite> <!-- com.ebanking.Master.Multipy_BranchNG -->
