<?xml version="1.0" encoding="UTF-8"?>
<!-- Generated by org.testng.reporters.JUnitReportReporter -->
<testsuite skipped="0" hostname="LAPTOP-1SF85SHE" name="com.ebanking.Scripts.MercuryNg" tests="1" failures="0" timestamp="2020-05-03T11:17:29 IST" time="3.294" errors="0">
  <testcase name="login" time="3.294" classname="com.ebanking.Scripts.MercuryNg"/>
  <system-out/>
</testsuite> <!-- com.ebanking.Scripts.MercuryNg -->
