<?xml version="1.0" encoding="UTF-8"?>
<!-- Generated by org.testng.reporters.JUnitReportReporter -->
<testsuite skipped="0" hostname="LAPTOP-1SF85SHE" name="com.ebanking.Master.Multipy_EmpoyleNg" tests="2" failures="0" timestamp="2020-05-04T16:25:49 IST" time="7.685" errors="0">
  <testcase name="Empoyle" time="3.421" classname="com.ebanking.Master.Multipy_EmpoyleNg"/>
  <system-out/>
  <testcase name="Empoyle" time="4.264" classname="com.ebanking.Master.Multipy_EmpoyleNg"/>
  <system-out/>
</testsuite> <!-- com.ebanking.Master.Multipy_EmpoyleNg -->
