<?xml version="1.0" encoding="UTF-8"?>
<!-- Generated by org.testng.reporters.JUnitReportReporter -->
<testsuite skipped="2" hostname="LAPTOP-1SF85SHE" name="com.ebanking.Master.RoleNg" tests="2" failures="0" timestamp="2020-05-03T06:54:04 IST" time="0.000" errors="0">
  <testcase name="role" time="0.000" classname="com.ebanking.Master.RoleNg">
    <skipped/>
  </testcase> <!-- role -->
  <system-out/>
  <testcase name="print" time="0.000" classname="com.ebanking.Master.RoleNg">
    <skipped/>
  </testcase> <!-- print -->
  <system-out/>
</testsuite> <!-- com.ebanking.Master.RoleNg -->
