<?xml version="1.0" encoding="UTF-8"?>
<!-- Generated by org.testng.reporters.JUnitReportReporter -->
<testsuite skipped="0" hostname="LAPTOP-1SF85SHE" name="com.ebanking.PageObjectModel.ExeEmpoyleNG" tests="1" failures="0" timestamp="2020-05-09T17:02:40 IST" time="20.907" errors="0">
  <testcase name="New_Empoyle_Deatils" time="20.907" classname="com.ebanking.PageObjectModel.ExeEmpoyleNG"/>
  <system-out/>
</testsuite> <!-- com.ebanking.PageObjectModel.ExeEmpoyleNG -->
