<?xml version="1.0" encoding="UTF-8"?>
<!-- Generated by org.testng.reporters.JUnitReportReporter -->
<testsuite skipped="0" hostname="LAPTOP-1SF85SHE" name="com.ebanking.PageObjectModel.ExeRoleCodeNg" tests="1" failures="0" timestamp="2020-05-09T17:02:40 IST" time="16.606" errors="0">
  <testcase name="NewRolecreation" time="16.606" classname="com.ebanking.PageObjectModel.ExeRoleCodeNg"/>
  <system-out/>
</testsuite> <!-- com.ebanking.PageObjectModel.ExeRoleCodeNg -->
